Performing C++ SOURCE FILE Test COMPILER_SUPPORT_Wshorten64to32 failed with the following output:
Change Dir: /media/evgen/SecondLinuxDisk1/4_level/Electromagnetic-Waves-Scattering/cmake-build-release/CMakeFiles/CMakeTmp

Run Build Command(s):/media/evgen/SecondLinuxDisk1/IDEs/clion-2023.3.2/bin/ninja/linux/x64/ninja cmTC_daf31 && [1/2] Building CXX object CMakeFiles/cmTC_daf31.dir/src.cxx.o
FAILED: CMakeFiles/cmTC_daf31.dir/src.cxx.o 
/usr/bin/g++-13 -DCOMPILER_SUPPORT_Wshorten64to32  -pedantic -Wall -Wextra -Wundef -Wcast-align -Wchar-subscripts -Wnon-virtual-dtor -Wunused-local-typedefs -Wpointer-arith -Wwrite-strings -Wformat-security -Werror   -Wshorten-64-to-32 -o CMakeFiles/cmTC_daf31.dir/src.cxx.o -c /media/evgen/SecondLinuxDisk1/4_level/Electromagnetic-Waves-Scattering/cmake-build-release/CMakeFiles/CMakeTmp/src.cxx
g++-13: error: unrecognized command-line option '-Wshorten-64-to-32'
ninja: build stopped: subcommand failed.


Source file was:
int main() { return 0; }
Performing C++ SOURCE FILE Test COMPILER_SUPPORT_wd981 failed with the following output:
Change Dir: /media/evgen/SecondLinuxDisk1/4_level/Electromagnetic-Waves-Scattering/cmake-build-release/CMakeFiles/CMakeTmp

Run Build Command(s):/media/evgen/SecondLinuxDisk1/IDEs/clion-2023.3.2/bin/ninja/linux/x64/ninja cmTC_8ca4b && [1/2] Building CXX object CMakeFiles/cmTC_8ca4b.dir/src.cxx.o
FAILED: CMakeFiles/cmTC_8ca4b.dir/src.cxx.o 
/usr/bin/g++-13 -DCOMPILER_SUPPORT_wd981  -pedantic -Wall -Wextra -Wundef -Wcast-align -Wchar-subscripts -Wnon-virtual-dtor -Wunused-local-typedefs -Wpointer-arith -Wwrite-strings -Wformat-security -Wlogical-op -Wenum-conversion -Wc++11-extensions -Wdouble-promotion -Wshadow -Wno-psabi -Wno-variadic-macros -Wno-long-long -fno-check-new -fno-common -fstrict-aliasing -Werror   -wd981 -o CMakeFiles/cmTC_8ca4b.dir/src.cxx.o -c /media/evgen/SecondLinuxDisk1/4_level/Electromagnetic-Waves-Scattering/cmake-build-release/CMakeFiles/CMakeTmp/src.cxx
g++-13: error: unrecognized command-line option '-wd981'
ninja: build stopped: subcommand failed.


Source file was:
int main() { return 0; }
Performing C++ SOURCE FILE Test COMPILER_SUPPORT_wd2304 failed with the following output:
Change Dir: /media/evgen/SecondLinuxDisk1/4_level/Electromagnetic-Waves-Scattering/cmake-build-release/CMakeFiles/CMakeTmp

Run Build Command(s):/media/evgen/SecondLinuxDisk1/IDEs/clion-2023.3.2/bin/ninja/linux/x64/ninja cmTC_e1be4 && [1/2] Building CXX object CMakeFiles/cmTC_e1be4.dir/src.cxx.o
FAILED: CMakeFiles/cmTC_e1be4.dir/src.cxx.o 
/usr/bin/g++-13 -DCOMPILER_SUPPORT_wd2304  -pedantic -Wall -Wextra -Wundef -Wcast-align -Wchar-subscripts -Wnon-virtual-dtor -Wunused-local-typedefs -Wpointer-arith -Wwrite-strings -Wformat-security -Wlogical-op -Wenum-conversion -Wc++11-extensions -Wdouble-promotion -Wshadow -Wno-psabi -Wno-variadic-macros -Wno-long-long -fno-check-new -fno-common -fstrict-aliasing -Werror   -wd2304 -o CMakeFiles/cmTC_e1be4.dir/src.cxx.o -c /media/evgen/SecondLinuxDisk1/4_level/Electromagnetic-Waves-Scattering/cmake-build-release/CMakeFiles/CMakeTmp/src.cxx
g++-13: error: unrecognized command-line option '-wd2304'
ninja: build stopped: subcommand failed.


Source file was:
int main() { return 0; }
